<?xml version="1.0" encoding="UTF-8"?>
<!-- Generated by org.testng.reporters.JUnitReportReporter -->
<testsuite hostname="TCandAXE-PC" failures="0" tests="1" name="com.sn.Testcases.LoginTest" time="26.813" errors="0" timestamp="2022-06-23T12:36:45 EDT" skipped="0">
  <testcase classname="com.sn.Testcases.LoginTest" name="loginTest" time="26.813"/>
  <system-out/>
</testsuite> <!-- com.sn.Testcases.LoginTest -->
