<?xml version="1.0" encoding="UTF-8"?>
<!-- Generated by org.testng.reporters.JUnitReportReporter -->
<testsuite hostname="DESKTOP-3T8H39B" failures="0" tests="1" name="com.sn.Testcases.ChildIncidentTest" time="172.020" errors="0" timestamp="2022-05-03T16:49:57 IST" skipped="0">
  <testcase classname="com.sn.Testcases.ChildIncidentTest" name="createchildincident" time="172.020"/>
  <system-out/>
</testsuite> <!-- com.sn.Testcases.ChildIncidentTest -->
