<?xml version="1.0" encoding="UTF-8"?>
<!-- Generated by org.testng.reporters.JUnitReportReporter -->
<testsuite hostname="TCandAXE-PC" failures="0" tests="2" name="com.sn.Testcases.HomePageTest" time="46.274" errors="0" timestamp="2022-06-24T10:19:52 EDT" skipped="0">
  <testcase classname="com.sn.Testcases.HomePageTest" name="verify" time="19.464"/>
  <system-out/>
  <testcase classname="com.sn.Testcases.HomePageTest" name="SearchIncident" time="26.810"/>
  <system-out/>
</testsuite> <!-- com.sn.Testcases.HomePageTest -->
